<?xml version="1.0" encoding="UTF-8"?>
<!-- Generated by org.testng.reporters.JUnitReportReporter -->
<testsuite hostname="CFT7300056" name="setup_execution.test_execution" tests="5" failures="0" timestamp="29 Jun 2021 14:34:14 GMT" time="98.369" errors="0">
  <testcase name="logoutFromAllGmailAcoounts" time="20.232" classname="setup_execution.test_execution"/>
  <testcase name="gmail21SignIn" time="30.249" classname="setup_execution.test_execution"/>
  <testcase name="gmail2ReceiveMail" time="9.240" classname="setup_execution.test_execution"/>
  <testcase name="gmail1SendMail" time="16.374" classname="setup_execution.test_execution"/>
  <testcase name="gmail11SignIn" time="22.274" classname="setup_execution.test_execution"/>
</testsuite> <!-- setup_execution.test_execution -->
